/usr/local/Cellar/quast/4.5/quast.py -R reference.fasta velveth_assembly/contigs.fa spades_out/contigs.fasta spades_improved_out/contigs.fasta velveth_cov_assembly/contigs.fa spades_cov_out/contigs.fasta -t 4 -o quast_out

Version: 4.5, 15ca3b9

System information:
  OS: Darwin-16.7.0-x86_64-i386-64bit (macosx)
  Python version: 2.7.10
  CPUs number: 4

Started: 2017-09-22 13:15:49

Logging to /Users/cmdb/data/week2_data/quast_out/quast.log

CWD: /Users/cmdb/data/week2_data
Main parameters: 
  Threads: 4, minimum contig length: 500, ambiguity: one, threshold for extensive misassembly size: 1000

Reference:
  reference.fasta ==> reference

Contigs:
  Pre-processing...
  1  velveth_assembly/contigs.fa ==> velveth_assembly_contigs
  2  spades_out/contigs.fasta ==> spades_out_contigs
  3  spades_improved_out/contigs.fasta ==> spades_improved_out_contigs
  4  velveth_cov_assembly/contigs.fa ==> velveth_cov_assembly_contigs
  5  spades_cov_out/contigs.fasta ==> spades_cov_out_contigs

2017-09-22 13:15:50
Running Basic statistics processor...
  Reference genome:
    reference.fasta, length = 4639675, num fragments = 1, GC % = 50.79
  Contig files: 
    1  velveth_assembly_contigs
    2  spades_out_contigs
    3  spades_improved_out_contigs
    4  velveth_cov_assembly_contigs
    5  spades_cov_out_contigs
  Calculating N50 and L50...
    1  velveth_assembly_contigs, N50 = 632, L50 = 5, Total length = 7243, GC % = 50.71, # N's per 100 kbp =  0.00
    2  spades_out_contigs, N50 = 718, L50 = 8, Total length = 15922, GC % = 51.21, # N's per 100 kbp =  0.00
    3  spades_improved_out_contigs, N50 = 3698, L50 = 6, Total length = 61012, GC % = 52.37, # N's per 100 kbp =  0.00
    4  velveth_cov_assembly_contigs, N50 = 19911, L50 = 2, Total length = 99584, GC % = 52.58, # N's per 100 kbp =  0.00
    5  spades_cov_out_contigs, N50 = 100000, L50 = 1, Total length = 100000, GC % = 52.59, # N's per 100 kbp =  0.00
  Drawing Nx plot...
    saved to /Users/cmdb/data/week2_data/quast_out/basic_stats/Nx_plot.pdf
  Drawing NGx plot...
    saved to /Users/cmdb/data/week2_data/quast_out/basic_stats/NGx_plot.pdf
  Drawing cumulative plot...
    saved to /Users/cmdb/data/week2_data/quast_out/basic_stats/cumulative_plot.pdf
  Drawing GC content plot...
    saved to /Users/cmdb/data/week2_data/quast_out/basic_stats/GC_content_plot.pdf
  Drawing velveth_assembly_contigs GC content plot...
    saved to /Users/cmdb/data/week2_data/quast_out/basic_stats/velveth_assembly_contigs_GC_content_plot.pdf
  Drawing spades_out_contigs GC content plot...
    saved to /Users/cmdb/data/week2_data/quast_out/basic_stats/spades_out_contigs_GC_content_plot.pdf
  Drawing spades_improved_out_contigs GC content plot...
    saved to /Users/cmdb/data/week2_data/quast_out/basic_stats/spades_improved_out_contigs_GC_content_plot.pdf
  Drawing velveth_cov_assembly_contigs GC content plot...
    saved to /Users/cmdb/data/week2_data/quast_out/basic_stats/velveth_cov_assembly_contigs_GC_content_plot.pdf
  Drawing spades_cov_out_contigs GC content plot...
    saved to /Users/cmdb/data/week2_data/quast_out/basic_stats/spades_cov_out_contigs_GC_content_plot.pdf
  Drawing Coverage histogram (bin size: 1x)...
    saved to /Users/cmdb/data/week2_data/quast_out/basic_stats/coverage_histogram.pdf
  Drawing velveth_assembly_contigs coverage histogram (bin size: 1x)...
    saved to /Users/cmdb/data/week2_data/quast_out/basic_stats/velveth_assembly_contigs_coverage_histogram.pdf
  Drawing spades_out_contigs coverage histogram (bin size: 1x)...
    saved to /Users/cmdb/data/week2_data/quast_out/basic_stats/spades_out_contigs_coverage_histogram.pdf
  Drawing spades_improved_out_contigs coverage histogram (bin size: 1x)...
    saved to /Users/cmdb/data/week2_data/quast_out/basic_stats/spades_improved_out_contigs_coverage_histogram.pdf
  Drawing velveth_cov_assembly_contigs coverage histogram (bin size: 7x)...
    saved to /Users/cmdb/data/week2_data/quast_out/basic_stats/velveth_cov_assembly_contigs_coverage_histogram.pdf
  Drawing spades_cov_out_contigs coverage histogram (bin size: 1x)...
    saved to /Users/cmdb/data/week2_data/quast_out/basic_stats/spades_cov_out_contigs_coverage_histogram.pdf
Done.

2017-09-22 13:15:55
Running Contig analyzer...
NOTICE: Previous try of gnuplot compilation was unsuccessful! For forced retrying, please remove /usr/local/Cellar/quast/4.5/quast_libs/gnuplot/make.failed and restart QUAST. 
  1  velveth_assembly_contigs
  2  spades_out_contigs
  3  spades_improved_out_contigs
  2  Logging to files /Users/cmdb/data/week2_data/quast_out/contigs_reports/contigs_report_spades_out_contigs.stdout and contigs_report_spades_out_contigs.stderr...
  1  Logging to files /Users/cmdb/data/week2_data/quast_out/contigs_reports/contigs_report_velveth_assembly_contigs.stdout and contigs_report_velveth_assembly_contigs.stderr...
  3  Logging to files /Users/cmdb/data/week2_data/quast_out/contigs_reports/contigs_report_spades_improved_out_contigs.stdout and contigs_report_spades_improved_out_contigs.stderr...
  4  velveth_cov_assembly_contigs
  2  Aligning contigs to the reference
  1  Aligning contigs to the reference
  2  /usr/local/Cellar/quast/4.5/quast_libs/MUMmer/nucmer -c 65 -l 65 --maxmatch -p \
     quast_out/contigs_reports/nucmer_output/spades_out_contigs --emem -t 1 --emempath \
     /usr/local/bin/e-mem quast_out/quast_corrected_input/reference.fasta quast_out/quast_corrected_input/spades_out_contigs.fasta \
     >> quast_out/contigs_reports/contigs_report_spades_out_contigs.stdout 2>> quast_out/contigs_reports/contigs_report_spades_out_contigs.stderr
  1  /usr/local/Cellar/quast/4.5/quast_libs/MUMmer/nucmer -c 65 -l 65 --maxmatch -p \
     quast_out/contigs_reports/nucmer_output/velveth_assembly_contigs --emem -t 1 \
     --emempath /usr/local/bin/e-mem quast_out/quast_corrected_input/reference.fasta \
     quast_out/quast_corrected_input/velveth_assembly_contigs.fa >> quast_out/contigs_reports/contigs_report_velveth_assembly_contigs.stdout \
     2>> quast_out/contigs_reports/contigs_report_velveth_assembly_contigs.stderr
  3  Aligning contigs to the reference
  4  Logging to files /Users/cmdb/data/week2_data/quast_out/contigs_reports/contigs_report_velveth_cov_assembly_contigs.stdout and contigs_report_velveth_cov_assembly_contigs.stderr...
  3  /usr/local/Cellar/quast/4.5/quast_libs/MUMmer/nucmer -c 65 -l 65 --maxmatch -p \
     quast_out/contigs_reports/nucmer_output/spades_improved_out_contigs --emem -t \
     1 --emempath /usr/local/bin/e-mem quast_out/quast_corrected_input/reference.fasta \
     quast_out/quast_corrected_input/spades_improved_out_contigs.fasta >> quast_out/contigs_reports/contigs_report_spades_improved_out_contigs.stdout \
     2>> quast_out/contigs_reports/contigs_report_spades_improved_out_contigs.stderr
  4  Aligning contigs to the reference
  4  /usr/local/Cellar/quast/4.5/quast_libs/MUMmer/nucmer -c 65 -l 65 --maxmatch -p \
     quast_out/contigs_reports/nucmer_output/velveth_cov_assembly_contigs --emem -t \
     1 --emempath /usr/local/bin/e-mem quast_out/quast_corrected_input/reference.fasta \
     quast_out/quast_corrected_input/velveth_cov_assembly_contigs.fa >> quast_out/contigs_reports/contigs_report_velveth_cov_assembly_contigs.stdout \
     2>> quast_out/contigs_reports/contigs_report_velveth_cov_assembly_contigs.stderr
     The tool returned non-zero. See quast_out/contigs_reports/contigs_report_velveth_cov_assembly_contigs.stderr for stderr.
     The tool returned non-zero. See quast_out/contigs_reports/contigs_report_spades_out_contigs.stderr for stderr.
     The tool returned non-zero. See quast_out/contigs_reports/contigs_report_spades_improved_out_contigs.stderr for stderr.


ERROR!   3  Failed aligning contigs spades_improved_out_contigs to the reference (non-zero exit code). Run with the --debug flag to see additional information.
ERROR!   2  Failed aligning contigs spades_out_contigs to the reference (non-zero exit code). Run with the --debug flag to see additional information.

ERROR!   4  Failed aligning contigs velveth_cov_assembly_contigs to the reference (non-zero exit code). Run with the --debug flag to see additional information.
     The tool returned non-zero. See quast_out/contigs_reports/contigs_report_velveth_assembly_contigs.stderr for stderr.

  5  spades_cov_out_contigs
ERROR!   1  Failed aligning contigs velveth_assembly_contigs to the reference (non-zero exit code). Run with the --debug flag to see additional information.
  5  Logging to files /Users/cmdb/data/week2_data/quast_out/contigs_reports/contigs_report_spades_cov_out_contigs.stdout and contigs_report_spades_cov_out_contigs.stderr...
  5  Aligning contigs to the reference
  5  /usr/local/Cellar/quast/4.5/quast_libs/MUMmer/nucmer -c 65 -l 65 --maxmatch -p \
     quast_out/contigs_reports/nucmer_output/spades_cov_out_contigs --emem -t 1 --emempath \
     /usr/local/bin/e-mem quast_out/quast_corrected_input/reference.fasta quast_out/quast_corrected_input/spades_cov_out_contigs.fasta \
     >> quast_out/contigs_reports/contigs_report_spades_cov_out_contigs.stdout 2>> \
     quast_out/contigs_reports/contigs_report_spades_cov_out_contigs.stderr
     The tool returned non-zero. See quast_out/contigs_reports/contigs_report_spades_cov_out_contigs.stderr for stderr.

ERROR!   5  Failed aligning contigs spades_cov_out_contigs to the reference (non-zero exit code). Run with the --debug flag to see additional information.
Failed aligning the contigs for all the assemblies. Only basic stats are going to be evaluated.
WARNING: Please rerun QUAST using --test option to ensure that E-MEM aligner works properly.

NOTICE: Genes are not predicted by default. Use --gene-finding option to enable it.

2017-09-22 13:15:57
Creating large visual summaries...
This may take a while: press Ctrl-C to skip this step..
  1 of 2: Creating Icarus viewers...
  2 of 2: Creating PDF with all tables and plots...
Done

2017-09-22 13:15:58
RESULTS:
  Text versions of total report are saved to /Users/cmdb/data/week2_data/quast_out/report.txt, report.tsv, and report.tex
  Text versions of transposed total report are saved to /Users/cmdb/data/week2_data/quast_out/transposed_report.txt, transposed_report.tsv, and transposed_report.tex
  HTML version (interactive tables and plots) saved to /Users/cmdb/data/week2_data/quast_out/report.html
  PDF version (tables and plots) is saved to /Users/cmdb/data/week2_data/quast_out/report.pdf
  Icarus (contig browser) is saved to /Users/cmdb/data/week2_data/quast_out/icarus.html
  Log saved to /Users/cmdb/data/week2_data/quast_out/quast.log

Finished: 2017-09-22 13:15:58
Elapsed time: 0:00:09.400651
NOTICEs: 2; WARNINGs: 1; non-fatal ERRORs: 5

Thank you for using QUAST!
